2023-01-03 23:24:04 [Test worker] INFO  : Container confluentinc/cp-kafka:5.4.3 started in PT4.544246S
2023-01-03 23:24:07 [Test worker] INFO  : ConsumerConfig values: 
	allow.auto.create.topics = true
	auto.commit.interval.ms = 5000
	auto.offset.reset = earliest
	bootstrap.servers = [PLAINTEXT://localhost:58068]
	check.crcs = true
	client.dns.lookup = use_all_dns_ips
	client.id = consumer-resource-processor-1
	client.rack = 
	connections.max.idle.ms = 540000
	default.api.timeout.ms = 60000
	enable.auto.commit = false
	exclude.internal.topics = true
	fetch.max.bytes = 52428800
	fetch.max.wait.ms = 500
	fetch.min.bytes = 1
	group.id = resource-processor
	group.instance.id = null
	heartbeat.interval.ms = 3000
	interceptor.classes = []
	internal.leave.group.on.close = true
	internal.throw.on.fetch.stable.offset.unsupported = false
	isolation.level = read_committed
	key.deserializer = class org.apache.kafka.common.serialization.StringDeserializer
	max.partition.fetch.bytes = 1048576
	max.poll.interval.ms = 300000
	max.poll.records = 500
	metadata.max.age.ms = 300000
	metric.reporters = []
	metrics.num.samples = 2
	metrics.recording.level = INFO
	metrics.sample.window.ms = 30000
	partition.assignment.strategy = [class org.apache.kafka.clients.consumer.RangeAssignor, class org.apache.kafka.clients.consumer.CooperativeStickyAssignor]
	receive.buffer.bytes = 65536
	reconnect.backoff.max.ms = 1000
	reconnect.backoff.ms = 50
	request.timeout.ms = 30000
	retry.backoff.ms = 100
	sasl.client.callback.handler.class = null
	sasl.jaas.config = null
	sasl.kerberos.kinit.cmd = /usr/bin/kinit
	sasl.kerberos.min.time.before.relogin = 60000
	sasl.kerberos.service.name = null
	sasl.kerberos.ticket.renew.jitter = 0.05
	sasl.kerberos.ticket.renew.window.factor = 0.8
	sasl.login.callback.handler.class = null
	sasl.login.class = null
	sasl.login.connect.timeout.ms = null
	sasl.login.read.timeout.ms = null
	sasl.login.refresh.buffer.seconds = 300
	sasl.login.refresh.min.period.seconds = 60
	sasl.login.refresh.window.factor = 0.8
	sasl.login.refresh.window.jitter = 0.05
	sasl.login.retry.backoff.max.ms = 10000
	sasl.login.retry.backoff.ms = 100
	sasl.mechanism = GSSAPI
	sasl.oauthbearer.clock.skew.seconds = 30
	sasl.oauthbearer.expected.audience = null
	sasl.oauthbearer.expected.issuer = null
	sasl.oauthbearer.jwks.endpoint.refresh.ms = 3600000
	sasl.oauthbearer.jwks.endpoint.retry.backoff.max.ms = 10000
	sasl.oauthbearer.jwks.endpoint.retry.backoff.ms = 100
	sasl.oauthbearer.jwks.endpoint.url = null
	sasl.oauthbearer.scope.claim.name = scope
	sasl.oauthbearer.sub.claim.name = sub
	sasl.oauthbearer.token.endpoint.url = null
	security.protocol = PLAINTEXT
	security.providers = null
	send.buffer.bytes = 131072
	session.timeout.ms = 45000
	socket.connection.setup.timeout.max.ms = 30000
	socket.connection.setup.timeout.ms = 10000
	ssl.cipher.suites = null
	ssl.enabled.protocols = [TLSv1.2, TLSv1.3]
	ssl.endpoint.identification.algorithm = https
	ssl.engine.factory.class = null
	ssl.key.password = null
	ssl.keymanager.algorithm = SunX509
	ssl.keystore.certificate.chain = null
	ssl.keystore.key = null
	ssl.keystore.location = null
	ssl.keystore.password = null
	ssl.keystore.type = JKS
	ssl.protocol = TLSv1.3
	ssl.provider = null
	ssl.secure.random.implementation = null
	ssl.trustmanager.algorithm = PKIX
	ssl.truststore.certificates = null
	ssl.truststore.location = null
	ssl.truststore.password = null
	ssl.truststore.type = JKS
	value.deserializer = class org.springframework.kafka.support.serializer.JsonDeserializer

2023-01-03 23:24:07 [Test worker] INFO  : Kafka version: 3.1.2
2023-01-03 23:24:07 [Test worker] INFO  : Kafka commitId: f8c67dc3ae0a3265
2023-01-03 23:24:07 [Test worker] INFO  : Kafka startTimeMs: 1672770247996
2023-01-03 23:24:08 [Test worker] INFO  : [Consumer clientId=consumer-resource-processor-1, groupId=resource-processor] Subscribed to topic(s): resources
2023-01-03 23:24:08 [Test worker] WARN  : [Consumer clientId=consumer-resource-processor-1, groupId=resource-processor] Error while fetching metadata with correlation id 2 : {resources=LEADER_NOT_AVAILABLE}
2023-01-03 23:24:08 [Test worker] INFO  : [Consumer clientId=consumer-resource-processor-1, groupId=resource-processor] Cluster ID: Oxzms96sSOCysZCUYZPsqQ
2023-01-03 23:24:08 [Test worker] INFO  : [Consumer clientId=consumer-resource-processor-1, groupId=resource-processor] Discovered group coordinator localhost:58068 (id: 2147483646 rack: null)
2023-01-03 23:24:08 [Test worker] INFO  : [Consumer clientId=consumer-resource-processor-1, groupId=resource-processor] (Re-)joining group
2023-01-03 23:24:08 [Test worker] INFO  : [Consumer clientId=consumer-resource-processor-1, groupId=resource-processor] Request joining group due to: need to re-join with the given member-id
2023-01-03 23:24:08 [Test worker] INFO  : [Consumer clientId=consumer-resource-processor-1, groupId=resource-processor] (Re-)joining group
2023-01-03 23:24:08 [Test worker] INFO  : [Consumer clientId=consumer-resource-processor-1, groupId=resource-processor] Successfully joined group with generation Generation{generationId=1, memberId='consumer-resource-processor-1-c6e0d193-4545-440e-8502-fa60be6761ce', protocol='range'}
2023-01-03 23:24:08 [Test worker] INFO  : [Consumer clientId=consumer-resource-processor-1, groupId=resource-processor] Finished assignment for group at generation 1: {consumer-resource-processor-1-c6e0d193-4545-440e-8502-fa60be6761ce=Assignment(partitions=[resources-0])}
2023-01-03 23:24:08 [Test worker] INFO  : [Consumer clientId=consumer-resource-processor-1, groupId=resource-processor] Successfully synced group in generation Generation{generationId=1, memberId='consumer-resource-processor-1-c6e0d193-4545-440e-8502-fa60be6761ce', protocol='range'}
2023-01-03 23:24:08 [Test worker] INFO  : [Consumer clientId=consumer-resource-processor-1, groupId=resource-processor] Notifying assignor about the new Assignment(partitions=[resources-0])
2023-01-03 23:24:08 [Test worker] INFO  : [Consumer clientId=consumer-resource-processor-1, groupId=resource-processor] Adding newly assigned partitions: resources-0
2023-01-03 23:24:08 [Test worker] INFO  : [Consumer clientId=consumer-resource-processor-1, groupId=resource-processor] Found no committed offset for partition resources-0
2023-01-03 23:24:08 [Test worker] INFO  : [Consumer clientId=consumer-resource-processor-1, groupId=resource-processor] Resetting offset for partition resources-0 to position FetchPosition{offset=0, offsetEpoch=Optional.empty, currentLeader=LeaderAndEpoch{leader=Optional[localhost:58068 (id: 1 rack: null)], epoch=0}}.
2023-01-03 23:24:13 [Test worker] INFO  : publishing com.epam.training.microservicefoundation.resourceprocessor.domain.ResourceRecord message to kafka: ResourceRecord{id=1}
2023-01-03 23:24:13 [Test worker] INFO  : ProducerConfig values: 
	acks = -1
	batch.size = 16384
	bootstrap.servers = [PLAINTEXT://localhost:58068]
	buffer.memory = 33554432
	client.dns.lookup = use_all_dns_ips
	client.id = producer-1
	compression.type = none
	connections.max.idle.ms = 540000
	delivery.timeout.ms = 120000
	enable.idempotence = true
	interceptor.classes = []
	key.serializer = class org.apache.kafka.common.serialization.StringSerializer
	linger.ms = 0
	max.block.ms = 60000
	max.in.flight.requests.per.connection = 5
	max.request.size = 1048576
	metadata.max.age.ms = 300000
	metadata.max.idle.ms = 300000
	metric.reporters = []
	metrics.num.samples = 2
	metrics.recording.level = INFO
	metrics.sample.window.ms = 30000
	partitioner.class = class org.apache.kafka.clients.producer.internals.DefaultPartitioner
	receive.buffer.bytes = 32768
	reconnect.backoff.max.ms = 1000
	reconnect.backoff.ms = 50
	request.timeout.ms = 30000
	retries = 2147483647
	retry.backoff.ms = 100
	sasl.client.callback.handler.class = null
	sasl.jaas.config = null
	sasl.kerberos.kinit.cmd = /usr/bin/kinit
	sasl.kerberos.min.time.before.relogin = 60000
	sasl.kerberos.service.name = null
	sasl.kerberos.ticket.renew.jitter = 0.05
	sasl.kerberos.ticket.renew.window.factor = 0.8
	sasl.login.callback.handler.class = null
	sasl.login.class = null
	sasl.login.connect.timeout.ms = null
	sasl.login.read.timeout.ms = null
	sasl.login.refresh.buffer.seconds = 300
	sasl.login.refresh.min.period.seconds = 60
	sasl.login.refresh.window.factor = 0.8
	sasl.login.refresh.window.jitter = 0.05
	sasl.login.retry.backoff.max.ms = 10000
	sasl.login.retry.backoff.ms = 100
	sasl.mechanism = GSSAPI
	sasl.oauthbearer.clock.skew.seconds = 30
	sasl.oauthbearer.expected.audience = null
	sasl.oauthbearer.expected.issuer = null
	sasl.oauthbearer.jwks.endpoint.refresh.ms = 3600000
	sasl.oauthbearer.jwks.endpoint.retry.backoff.max.ms = 10000
	sasl.oauthbearer.jwks.endpoint.retry.backoff.ms = 100
	sasl.oauthbearer.jwks.endpoint.url = null
	sasl.oauthbearer.scope.claim.name = scope
	sasl.oauthbearer.sub.claim.name = sub
	sasl.oauthbearer.token.endpoint.url = null
	security.protocol = PLAINTEXT
	security.providers = null
	send.buffer.bytes = 131072
	socket.connection.setup.timeout.max.ms = 30000
	socket.connection.setup.timeout.ms = 10000
	ssl.cipher.suites = null
	ssl.enabled.protocols = [TLSv1.2, TLSv1.3]
	ssl.endpoint.identification.algorithm = https
	ssl.engine.factory.class = null
	ssl.key.password = null
	ssl.keymanager.algorithm = SunX509
	ssl.keystore.certificate.chain = null
	ssl.keystore.key = null
	ssl.keystore.location = null
	ssl.keystore.password = null
	ssl.keystore.type = JKS
	ssl.protocol = TLSv1.3
	ssl.provider = null
	ssl.secure.random.implementation = null
	ssl.trustmanager.algorithm = PKIX
	ssl.truststore.certificates = null
	ssl.truststore.location = null
	ssl.truststore.password = null
	ssl.truststore.type = JKS
	transaction.timeout.ms = 60000
	transactional.id = null
	value.serializer = class org.springframework.kafka.support.serializer.JsonSerializer

2023-01-03 23:24:13 [Test worker] INFO  : [Producer clientId=producer-1] Instantiated an idempotent producer.
2023-01-03 23:24:13 [Test worker] INFO  : Kafka version: 3.1.2
2023-01-03 23:24:13 [Test worker] INFO  : Kafka commitId: f8c67dc3ae0a3265
2023-01-03 23:24:13 [Test worker] INFO  : Kafka startTimeMs: 1672770253079
2023-01-03 23:24:13 [kafka-producer-network-thread | producer-1] INFO  : [Producer clientId=producer-1] Cluster ID: Oxzms96sSOCysZCUYZPsqQ
2023-01-03 23:24:13 [kafka-producer-network-thread | producer-1] INFO  : [Producer clientId=producer-1] ProducerId set to 0 with epoch 0
2023-01-03 23:24:13 [Test worker] INFO  : RecordMetadata topic: resources, offset: 0, partition: 0
2023-01-03 23:24:13 [Test worker] INFO  : Processing resource record: ResourceRecord{id=1}
2023-01-03 23:24:13 [Test worker] INFO  : Validating a resource record 'ResourceRecord{id=1}'
2023-01-03 23:24:13 [Test worker] INFO  : [Consumer clientId=consumer-resource-processor-1, groupId=resource-processor] Revoke previously assigned partitions resources-0
2023-01-03 23:24:13 [Test worker] INFO  : [Consumer clientId=consumer-resource-processor-1, groupId=resource-processor] Member consumer-resource-processor-1-c6e0d193-4545-440e-8502-fa60be6761ce sending LeaveGroup request to coordinator localhost:58068 (id: 2147483646 rack: null) due to the consumer is being closed
2023-01-03 23:24:13 [Test worker] INFO  : [Consumer clientId=consumer-resource-processor-1, groupId=resource-processor] Resetting generation due to: consumer pro-actively leaving the group
2023-01-03 23:24:13 [Test worker] INFO  : [Consumer clientId=consumer-resource-processor-1, groupId=resource-processor] Request joining group due to: consumer pro-actively leaving the group
2023-01-03 23:24:13 [Test worker] INFO  : Metrics scheduler closed
2023-01-03 23:24:13 [Test worker] INFO  : Closing reporter org.apache.kafka.common.metrics.JmxReporter
2023-01-03 23:24:13 [Test worker] INFO  : Metrics reporters closed
2023-01-03 23:24:13 [Test worker] INFO  : App info kafka.consumer for consumer-resource-processor-1 unregistered
2023-01-03 23:24:49 [Test worker] INFO  : Loaded default TestExecutionListener class names from location [META-INF/spring.factories]: [org.springframework.boot.test.autoconfigure.restdocs.RestDocsTestExecutionListener, org.springframework.boot.test.autoconfigure.web.client.MockRestServiceServerResetTestExecutionListener, org.springframework.boot.test.autoconfigure.web.servlet.MockMvcPrintOnlyOnFailureTestExecutionListener, org.springframework.boot.test.autoconfigure.web.servlet.WebDriverTestExecutionListener, org.springframework.boot.test.autoconfigure.webservices.client.MockWebServiceServerTestExecutionListener, org.springframework.boot.test.mock.mockito.MockitoTestExecutionListener, org.springframework.boot.test.mock.mockito.ResetMocksTestExecutionListener, org.springframework.test.context.web.ServletTestExecutionListener, org.springframework.test.context.support.DirtiesContextBeforeModesTestExecutionListener, org.springframework.test.context.event.ApplicationEventsTestExecutionListener, org.springframework.test.context.support.DependencyInjectionTestExecutionListener, org.springframework.test.context.support.DirtiesContextTestExecutionListener, org.springframework.test.context.transaction.TransactionalTestExecutionListener, org.springframework.test.context.jdbc.SqlScriptsTestExecutionListener, org.springframework.test.context.event.EventPublishingTestExecutionListener]
2023-01-03 23:24:49 [Test worker] INFO  : Using TestExecutionListeners: [org.springframework.test.context.support.DirtiesContextBeforeModesTestExecutionListener@1968a49c, org.springframework.test.context.event.ApplicationEventsTestExecutionListener@6a1ebcff, org.springframework.boot.test.mock.mockito.MockitoTestExecutionListener@19868320, org.springframework.test.context.support.DependencyInjectionTestExecutionListener@50b0bc4c, org.springframework.test.context.support.DirtiesContextTestExecutionListener@c20be82, org.springframework.test.context.transaction.TransactionalTestExecutionListener@13c612bd, org.springframework.test.context.jdbc.SqlScriptsTestExecutionListener@3ef41c66, org.springframework.test.context.event.EventPublishingTestExecutionListener@6b739528, org.springframework.boot.test.autoconfigure.restdocs.RestDocsTestExecutionListener@622ef26a, org.springframework.boot.test.autoconfigure.web.client.MockRestServiceServerResetTestExecutionListener@41de5768, org.springframework.boot.test.autoconfigure.web.servlet.MockMvcPrintOnlyOnFailureTestExecutionListener@5f577419, org.springframework.boot.test.autoconfigure.web.servlet.WebDriverTestExecutionListener@28fa700e, org.springframework.boot.test.autoconfigure.webservices.client.MockWebServiceServerTestExecutionListener@3d526ad9, org.springframework.boot.test.mock.mockito.ResetMocksTestExecutionListener@e041f0c]
2023-01-03 23:24:49 [Test worker] INFO  : Image name substitution will be performed by: DefaultImageNameSubstitutor (composite of 'ConfigurationFileImageNameSubstitutor' and 'PrefixingImageNameSubstitutor')
2023-01-03 23:24:49 [Test worker] INFO  : Loaded org.testcontainers.dockerclient.UnixSocketClientProviderStrategy from ~/.testcontainers.properties, will try it first
2023-01-03 23:24:49 [Test worker] INFO  : Found Docker environment with local Unix socket (unix:///var/run/docker.sock)
2023-01-03 23:24:49 [Test worker] INFO  : Docker host IP address is localhost
2023-01-03 23:24:49 [Test worker] INFO  : Connected to docker: 
  Server Version: 20.10.17
  API Version: 1.41
  Operating System: Docker Desktop
  Total Memory: 10215 MB
2023-01-03 23:24:49 [Test worker] INFO  : Creating container for image: testcontainers/ryuk:0.3.4
2023-01-03 23:24:50 [Test worker] INFO  : Credential helper/store (docker-credential-desktop) does not have credentials for https://index.docker.io/v1/
2023-01-03 23:24:50 [Test worker] INFO  : Container testcontainers/ryuk:0.3.4 is starting: 1bf0db8b05a5f62750695271f739b5424d69601fb94d38889ed20e069c346d4e
2023-01-03 23:24:50 [Test worker] INFO  : Container testcontainers/ryuk:0.3.4 started in PT0.647508S
2023-01-03 23:24:50 [Test worker] INFO  : Ryuk started - will monitor and terminate Testcontainers containers on JVM exit
2023-01-03 23:24:50 [Test worker] INFO  : Checking the system...
2023-01-03 23:24:50 [Test worker] INFO  : ✔︎ Docker server version should be at least 1.6.0
2023-01-03 23:24:50 [Test worker] INFO  : Creating container for image: confluentinc/cp-kafka:5.4.3
2023-01-03 23:24:50 [Test worker] INFO  : Container confluentinc/cp-kafka:5.4.3 is starting: b098f158194c758f93537e4d14e705dc30747a9a42a008e8cbe092c384fcfee7
