2023-01-03 23:18:00 [Test worker] INFO  : Container confluentinc/cp-kafka:5.4.3 started in PT5.124706S
2023-01-03 23:18:04 [Test worker] INFO  : ConsumerConfig values: 
	allow.auto.create.topics = true
	auto.commit.interval.ms = 5000
	auto.offset.reset = earliest
	bootstrap.servers = [PLAINTEXT://localhost:57966]
	check.crcs = true
	client.dns.lookup = use_all_dns_ips
	client.id = consumer-resource-processor-1
	client.rack = 
	connections.max.idle.ms = 540000
	default.api.timeout.ms = 60000
	enable.auto.commit = false
	exclude.internal.topics = true
	fetch.max.bytes = 52428800
	fetch.max.wait.ms = 500
	fetch.min.bytes = 1
	group.id = resource-processor
	group.instance.id = null
	heartbeat.interval.ms = 3000
	interceptor.classes = []
	internal.leave.group.on.close = true
	internal.throw.on.fetch.stable.offset.unsupported = false
	isolation.level = read_committed
	key.deserializer = class org.apache.kafka.common.serialization.StringDeserializer
	max.partition.fetch.bytes = 1048576
	max.poll.interval.ms = 300000
	max.poll.records = 500
	metadata.max.age.ms = 300000
	metric.reporters = []
	metrics.num.samples = 2
	metrics.recording.level = INFO
	metrics.sample.window.ms = 30000
	partition.assignment.strategy = [class org.apache.kafka.clients.consumer.RangeAssignor, class org.apache.kafka.clients.consumer.CooperativeStickyAssignor]
	receive.buffer.bytes = 65536
	reconnect.backoff.max.ms = 1000
	reconnect.backoff.ms = 50
	request.timeout.ms = 30000
	retry.backoff.ms = 100
	sasl.client.callback.handler.class = null
	sasl.jaas.config = null
	sasl.kerberos.kinit.cmd = /usr/bin/kinit
	sasl.kerberos.min.time.before.relogin = 60000
	sasl.kerberos.service.name = null
	sasl.kerberos.ticket.renew.jitter = 0.05
	sasl.kerberos.ticket.renew.window.factor = 0.8
	sasl.login.callback.handler.class = null
	sasl.login.class = null
	sasl.login.connect.timeout.ms = null
	sasl.login.read.timeout.ms = null
	sasl.login.refresh.buffer.seconds = 300
	sasl.login.refresh.min.period.seconds = 60
	sasl.login.refresh.window.factor = 0.8
	sasl.login.refresh.window.jitter = 0.05
	sasl.login.retry.backoff.max.ms = 10000
	sasl.login.retry.backoff.ms = 100
	sasl.mechanism = GSSAPI
	sasl.oauthbearer.clock.skew.seconds = 30
	sasl.oauthbearer.expected.audience = null
	sasl.oauthbearer.expected.issuer = null
	sasl.oauthbearer.jwks.endpoint.refresh.ms = 3600000
	sasl.oauthbearer.jwks.endpoint.retry.backoff.max.ms = 10000
	sasl.oauthbearer.jwks.endpoint.retry.backoff.ms = 100
	sasl.oauthbearer.jwks.endpoint.url = null
	sasl.oauthbearer.scope.claim.name = scope
	sasl.oauthbearer.sub.claim.name = sub
	sasl.oauthbearer.token.endpoint.url = null
	security.protocol = PLAINTEXT
	security.providers = null
	send.buffer.bytes = 131072
	session.timeout.ms = 45000
	socket.connection.setup.timeout.max.ms = 30000
	socket.connection.setup.timeout.ms = 10000
	ssl.cipher.suites = null
	ssl.enabled.protocols = [TLSv1.2, TLSv1.3]
	ssl.endpoint.identification.algorithm = https
	ssl.engine.factory.class = null
	ssl.key.password = null
	ssl.keymanager.algorithm = SunX509
	ssl.keystore.certificate.chain = null
	ssl.keystore.key = null
	ssl.keystore.location = null
	ssl.keystore.password = null
	ssl.keystore.type = JKS
	ssl.protocol = TLSv1.3
	ssl.provider = null
	ssl.secure.random.implementation = null
	ssl.trustmanager.algorithm = PKIX
	ssl.truststore.certificates = null
	ssl.truststore.location = null
	ssl.truststore.password = null
	ssl.truststore.type = JKS
	value.deserializer = class org.springframework.kafka.support.serializer.JsonDeserializer

2023-01-03 23:18:04 [Test worker] INFO  : Kafka version: 3.1.2
2023-01-03 23:18:04 [Test worker] INFO  : Kafka commitId: f8c67dc3ae0a3265
2023-01-03 23:18:04 [Test worker] INFO  : Kafka startTimeMs: 1672769884901
2023-01-03 23:18:04 [Test worker] INFO  : [Consumer clientId=consumer-resource-processor-1, groupId=resource-processor] Subscribed to topic(s): resources
2023-01-03 23:18:05 [Test worker] WARN  : [Consumer clientId=consumer-resource-processor-1, groupId=resource-processor] Error while fetching metadata with correlation id 2 : {resources=LEADER_NOT_AVAILABLE}
2023-01-03 23:18:05 [Test worker] INFO  : [Consumer clientId=consumer-resource-processor-1, groupId=resource-processor] Cluster ID: UjW1CPkMQKOEX24wtpf3PQ
2023-01-03 23:18:05 [Test worker] INFO  : [Consumer clientId=consumer-resource-processor-1, groupId=resource-processor] Discovered group coordinator localhost:57966 (id: 2147483646 rack: null)
2023-01-03 23:18:05 [Test worker] INFO  : [Consumer clientId=consumer-resource-processor-1, groupId=resource-processor] (Re-)joining group
2023-01-03 23:18:05 [Test worker] INFO  : [Consumer clientId=consumer-resource-processor-1, groupId=resource-processor] Request joining group due to: need to re-join with the given member-id
2023-01-03 23:18:05 [Test worker] INFO  : [Consumer clientId=consumer-resource-processor-1, groupId=resource-processor] (Re-)joining group
2023-01-03 23:18:05 [Test worker] INFO  : [Consumer clientId=consumer-resource-processor-1, groupId=resource-processor] Successfully joined group with generation Generation{generationId=1, memberId='consumer-resource-processor-1-ffcdb47b-831d-46a8-8a5c-e182dc810f15', protocol='range'}
2023-01-03 23:18:05 [Test worker] INFO  : [Consumer clientId=consumer-resource-processor-1, groupId=resource-processor] Finished assignment for group at generation 1: {consumer-resource-processor-1-ffcdb47b-831d-46a8-8a5c-e182dc810f15=Assignment(partitions=[resources-0])}
2023-01-03 23:18:05 [Test worker] INFO  : [Consumer clientId=consumer-resource-processor-1, groupId=resource-processor] Successfully synced group in generation Generation{generationId=1, memberId='consumer-resource-processor-1-ffcdb47b-831d-46a8-8a5c-e182dc810f15', protocol='range'}
2023-01-03 23:18:05 [Test worker] INFO  : [Consumer clientId=consumer-resource-processor-1, groupId=resource-processor] Notifying assignor about the new Assignment(partitions=[resources-0])
2023-01-03 23:18:05 [Test worker] INFO  : [Consumer clientId=consumer-resource-processor-1, groupId=resource-processor] Adding newly assigned partitions: resources-0
2023-01-03 23:18:05 [Test worker] INFO  : [Consumer clientId=consumer-resource-processor-1, groupId=resource-processor] Found no committed offset for partition resources-0
2023-01-03 23:18:05 [Test worker] INFO  : [Consumer clientId=consumer-resource-processor-1, groupId=resource-processor] Resetting offset for partition resources-0 to position FetchPosition{offset=0, offsetEpoch=Optional.empty, currentLeader=LeaderAndEpoch{leader=Optional[localhost:57966 (id: 1 rack: null)], epoch=0}}.
2023-01-03 23:18:09 [Test worker] INFO  : publishing java.lang.Object message to kafka: java.lang.Object@194e78af
2023-01-03 23:18:09 [Test worker] INFO  : [Consumer clientId=consumer-resource-processor-1, groupId=resource-processor] Revoke previously assigned partitions resources-0
2023-01-03 23:18:09 [Test worker] INFO  : [Consumer clientId=consumer-resource-processor-1, groupId=resource-processor] Member consumer-resource-processor-1-ffcdb47b-831d-46a8-8a5c-e182dc810f15 sending LeaveGroup request to coordinator localhost:57966 (id: 2147483646 rack: null) due to the consumer is being closed
2023-01-03 23:18:09 [Test worker] INFO  : [Consumer clientId=consumer-resource-processor-1, groupId=resource-processor] Resetting generation due to: consumer pro-actively leaving the group
2023-01-03 23:18:09 [Test worker] INFO  : [Consumer clientId=consumer-resource-processor-1, groupId=resource-processor] Request joining group due to: consumer pro-actively leaving the group
2023-01-03 23:18:09 [Test worker] INFO  : Metrics scheduler closed
2023-01-03 23:18:09 [Test worker] INFO  : Closing reporter org.apache.kafka.common.metrics.JmxReporter
2023-01-03 23:18:09 [Test worker] INFO  : Metrics reporters closed
2023-01-03 23:18:09 [Test worker] INFO  : App info kafka.consumer for consumer-resource-processor-1 unregistered
