2023-01-03 23:12:00 [Test worker] ERROR : Caught exception while allowing TestExecutionListener [org.springframework.test.context.support.DependencyInjectionTestExecutionListener@6d1310f6] to prepare test instance [com.epam.training.microservicefoundation.resourceprocessor.KafkaManagerTest@42576db9]
org.springframework.beans.factory.UnsatisfiedDependencyException: Error creating bean with name 'com.epam.training.microservicefoundation.resourceprocessor.KafkaManagerTest': Unsatisfied dependency expressed through field 'resourceProcessorService'; nested exception is org.springframework.beans.factory.NoSuchBeanDefinitionException: No qualifying bean of type 'com.epam.training.microservicefoundation.resourceprocessor.service.ResourceProcessorService' available: expected at least 1 bean which qualifies as autowire candidate. Dependency annotations: {@org.springframework.beans.factory.annotation.Autowired(required=true)}
	at org.springframework.beans.factory.annotation.AutowiredAnnotationBeanPostProcessor$AutowiredFieldElement.resolveFieldValue(AutowiredAnnotationBeanPostProcessor.java:659)
	at org.springframework.beans.factory.annotation.AutowiredAnnotationBeanPostProcessor$AutowiredFieldElement.inject(AutowiredAnnotationBeanPostProcessor.java:639)
	at org.springframework.beans.factory.annotation.InjectionMetadata.inject(InjectionMetadata.java:119)
	at org.springframework.beans.factory.annotation.AutowiredAnnotationBeanPostProcessor.postProcessProperties(AutowiredAnnotationBeanPostProcessor.java:399)
	at org.springframework.beans.factory.support.AbstractAutowireCapableBeanFactory.populateBean(AbstractAutowireCapableBeanFactory.java:1431)
	at org.springframework.beans.factory.support.AbstractAutowireCapableBeanFactory.autowireBeanProperties(AbstractAutowireCapableBeanFactory.java:417)
	at org.springframework.test.context.support.DependencyInjectionTestExecutionListener.injectDependencies(DependencyInjectionTestExecutionListener.java:119)
	at org.springframework.test.context.support.DependencyInjectionTestExecutionListener.prepareTestInstance(DependencyInjectionTestExecutionListener.java:83)
	at org.springframework.test.context.TestContextManager.prepareTestInstance(TestContextManager.java:248)
	at org.springframework.test.context.junit.jupiter.SpringExtension.postProcessTestInstance(SpringExtension.java:138)
	at org.junit.jupiter.engine.descriptor.ClassBasedTestDescriptor.lambda$invokeTestInstancePostProcessors$8(ClassBasedTestDescriptor.java:363)
	at org.junit.jupiter.engine.descriptor.ClassBasedTestDescriptor.executeAndMaskThrowable(ClassBasedTestDescriptor.java:368)
	at org.junit.jupiter.engine.descriptor.ClassBasedTestDescriptor.lambda$invokeTestInstancePostProcessors$9(ClassBasedTestDescriptor.java:363)
	at java.base/java.util.stream.ReferencePipeline$3$1.accept(ReferencePipeline.java:195)
	at java.base/java.util.stream.ReferencePipeline$2$1.accept(ReferencePipeline.java:177)
	at java.base/java.util.ArrayList$ArrayListSpliterator.forEachRemaining(ArrayList.java:1655)
	at java.base/java.util.stream.AbstractPipeline.copyInto(AbstractPipeline.java:484)
	at java.base/java.util.stream.AbstractPipeline.wrapAndCopyInto(AbstractPipeline.java:474)
	at java.base/java.util.stream.StreamSpliterators$WrappingSpliterator.forEachRemaining(StreamSpliterators.java:312)
	at java.base/java.util.stream.Streams$ConcatSpliterator.forEachRemaining(Streams.java:735)
	at java.base/java.util.stream.Streams$ConcatSpliterator.forEachRemaining(Streams.java:734)
	at java.base/java.util.stream.ReferencePipeline$Head.forEach(ReferencePipeline.java:658)
	at org.junit.jupiter.engine.descriptor.ClassBasedTestDescriptor.invokeTestInstancePostProcessors(ClassBasedTestDescriptor.java:362)
	at org.junit.jupiter.engine.descriptor.ClassBasedTestDescriptor.lambda$instantiateAndPostProcessTestInstance$6(ClassBasedTestDescriptor.java:283)
	at org.junit.platform.engine.support.hierarchical.ThrowableCollector.execute(ThrowableCollector.java:73)
	at org.junit.jupiter.engine.descriptor.ClassBasedTestDescriptor.instantiateAndPostProcessTestInstance(ClassBasedTestDescriptor.java:282)
	at org.junit.jupiter.engine.descriptor.ClassBasedTestDescriptor.lambda$testInstancesProvider$4(ClassBasedTestDescriptor.java:272)
	at java.base/java.util.Optional.orElseGet(Optional.java:369)
	at org.junit.jupiter.engine.descriptor.ClassBasedTestDescriptor.lambda$testInstancesProvider$5(ClassBasedTestDescriptor.java:271)
	at org.junit.jupiter.engine.execution.TestInstancesProvider.getTestInstances(TestInstancesProvider.java:31)
	at org.junit.jupiter.engine.descriptor.TestMethodTestDescriptor.lambda$prepare$0(TestMethodTestDescriptor.java:102)
	at org.junit.platform.engine.support.hierarchical.ThrowableCollector.execute(ThrowableCollector.java:73)
	at org.junit.jupiter.engine.descriptor.TestMethodTestDescriptor.prepare(TestMethodTestDescriptor.java:101)
	at org.junit.jupiter.engine.descriptor.TestMethodTestDescriptor.prepare(TestMethodTestDescriptor.java:66)
	at org.junit.platform.engine.support.hierarchical.NodeTestTask.lambda$prepare$2(NodeTestTask.java:123)
	at org.junit.platform.engine.support.hierarchical.ThrowableCollector.execute(ThrowableCollector.java:73)
	at org.junit.platform.engine.support.hierarchical.NodeTestTask.prepare(NodeTestTask.java:123)
	at org.junit.platform.engine.support.hierarchical.NodeTestTask.execute(NodeTestTask.java:90)
	at java.base/java.util.ArrayList.forEach(ArrayList.java:1541)
	at org.junit.platform.engine.support.hierarchical.SameThreadHierarchicalTestExecutorService.invokeAll(SameThreadHierarchicalTestExecutorService.java:41)
	at org.junit.platform.engine.support.hierarchical.NodeTestTask.lambda$executeRecursively$6(NodeTestTask.java:155)
	at org.junit.platform.engine.support.hierarchical.ThrowableCollector.execute(ThrowableCollector.java:73)
	at org.junit.platform.engine.support.hierarchical.NodeTestTask.lambda$executeRecursively$8(NodeTestTask.java:141)
	at org.junit.platform.engine.support.hierarchical.Node.around(Node.java:137)
	at org.junit.platform.engine.support.hierarchical.NodeTestTask.lambda$executeRecursively$9(NodeTestTask.java:139)
	at org.junit.platform.engine.support.hierarchical.ThrowableCollector.execute(ThrowableCollector.java:73)
	at org.junit.platform.engine.support.hierarchical.NodeTestTask.executeRecursively(NodeTestTask.java:138)
	at org.junit.platform.engine.support.hierarchical.NodeTestTask.execute(NodeTestTask.java:95)
	at java.base/java.util.ArrayList.forEach(ArrayList.java:1541)
	at org.junit.platform.engine.support.hierarchical.SameThreadHierarchicalTestExecutorService.invokeAll(SameThreadHierarchicalTestExecutorService.java:41)
	at org.junit.platform.engine.support.hierarchical.NodeTestTask.lambda$executeRecursively$6(NodeTestTask.java:155)
	at org.junit.platform.engine.support.hierarchical.ThrowableCollector.execute(ThrowableCollector.java:73)
	at org.junit.platform.engine.support.hierarchical.NodeTestTask.lambda$executeRecursively$8(NodeTestTask.java:141)
	at org.junit.platform.engine.support.hierarchical.Node.around(Node.java:137)
	at org.junit.platform.engine.support.hierarchical.NodeTestTask.lambda$executeRecursively$9(NodeTestTask.java:139)
	at org.junit.platform.engine.support.hierarchical.ThrowableCollector.execute(ThrowableCollector.java:73)
	at org.junit.platform.engine.support.hierarchical.NodeTestTask.executeRecursively(NodeTestTask.java:138)
	at org.junit.platform.engine.support.hierarchical.NodeTestTask.execute(NodeTestTask.java:95)
	at org.junit.platform.engine.support.hierarchical.SameThreadHierarchicalTestExecutorService.submit(SameThreadHierarchicalTestExecutorService.java:35)
	at org.junit.platform.engine.support.hierarchical.HierarchicalTestExecutor.execute(HierarchicalTestExecutor.java:57)
	at org.junit.platform.engine.support.hierarchical.HierarchicalTestEngine.execute(HierarchicalTestEngine.java:54)
	at org.junit.platform.launcher.core.EngineExecutionOrchestrator.execute(EngineExecutionOrchestrator.java:108)
	at org.junit.platform.launcher.core.EngineExecutionOrchestrator.execute(EngineExecutionOrchestrator.java:88)
	at org.junit.platform.launcher.core.EngineExecutionOrchestrator.lambda$execute$0(EngineExecutionOrchestrator.java:54)
	at org.junit.platform.launcher.core.EngineExecutionOrchestrator.withInterceptedStreams(EngineExecutionOrchestrator.java:67)
	at org.junit.platform.launcher.core.EngineExecutionOrchestrator.execute(EngineExecutionOrchestrator.java:52)
	at org.junit.platform.launcher.core.DefaultLauncher.execute(DefaultLauncher.java:96)
	at org.junit.platform.launcher.core.DefaultLauncher.execute(DefaultLauncher.java:75)
	at org.gradle.api.internal.tasks.testing.junitplatform.JUnitPlatformTestClassProcessor$CollectAllTestClassesExecutor.processAllTestClasses(JUnitPlatformTestClassProcessor.java:99)
	at org.gradle.api.internal.tasks.testing.junitplatform.JUnitPlatformTestClassProcessor$CollectAllTestClassesExecutor.access$000(JUnitPlatformTestClassProcessor.java:79)
	at org.gradle.api.internal.tasks.testing.junitplatform.JUnitPlatformTestClassProcessor.stop(JUnitPlatformTestClassProcessor.java:75)
	at org.gradle.api.internal.tasks.testing.SuiteTestClassProcessor.stop(SuiteTestClassProcessor.java:61)
	at java.base/jdk.internal.reflect.NativeMethodAccessorImpl.invoke0(Native Method)
	at java.base/jdk.internal.reflect.NativeMethodAccessorImpl.invoke(NativeMethodAccessorImpl.java:62)
	at java.base/jdk.internal.reflect.DelegatingMethodAccessorImpl.invoke(DelegatingMethodAccessorImpl.java:43)
	at java.base/java.lang.reflect.Method.invoke(Method.java:566)
	at org.gradle.internal.dispatch.ReflectionDispatch.dispatch(ReflectionDispatch.java:36)
	at org.gradle.internal.dispatch.ReflectionDispatch.dispatch(ReflectionDispatch.java:24)
	at org.gradle.internal.dispatch.ContextClassLoaderDispatch.dispatch(ContextClassLoaderDispatch.java:33)
	at org.gradle.internal.dispatch.ProxyDispatchAdapter$DispatchingInvocationHandler.invoke(ProxyDispatchAdapter.java:94)
	at com.sun.proxy.$Proxy2.stop(Unknown Source)
	at org.gradle.api.internal.tasks.testing.worker.TestWorker$3.run(TestWorker.java:193)
	at org.gradle.api.internal.tasks.testing.worker.TestWorker.executeAndMaintainThreadName(TestWorker.java:129)
	at org.gradle.api.internal.tasks.testing.worker.TestWorker.execute(TestWorker.java:100)
	at org.gradle.api.internal.tasks.testing.worker.TestWorker.execute(TestWorker.java:60)
	at org.gradle.process.internal.worker.child.ActionExecutionWorker.execute(ActionExecutionWorker.java:56)
	at org.gradle.process.internal.worker.child.SystemApplicationClassLoaderWorker.call(SystemApplicationClassLoaderWorker.java:133)
	at org.gradle.process.internal.worker.child.SystemApplicationClassLoaderWorker.call(SystemApplicationClassLoaderWorker.java:71)
	at worker.org.gradle.process.internal.worker.GradleWorkerMain.run(GradleWorkerMain.java:69)
	at worker.org.gradle.process.internal.worker.GradleWorkerMain.main(GradleWorkerMain.java:74)
Caused by: org.springframework.beans.factory.NoSuchBeanDefinitionException: No qualifying bean of type 'com.epam.training.microservicefoundation.resourceprocessor.service.ResourceProcessorService' available: expected at least 1 bean which qualifies as autowire candidate. Dependency annotations: {@org.springframework.beans.factory.annotation.Autowired(required=true)}
	at org.springframework.beans.factory.support.DefaultListableBeanFactory.raiseNoMatchingBeanFound(DefaultListableBeanFactory.java:1801)
	at org.springframework.beans.factory.support.DefaultListableBeanFactory.doResolveDependency(DefaultListableBeanFactory.java:1357)
	at org.springframework.beans.factory.support.DefaultListableBeanFactory.resolveDependency(DefaultListableBeanFactory.java:1311)
	at org.springframework.beans.factory.annotation.AutowiredAnnotationBeanPostProcessor$AutowiredFieldElement.resolveFieldValue(AutowiredAnnotationBeanPostProcessor.java:656)
	... 89 common frames omitted
2023-01-03 23:12:36 [Test worker] INFO  : Loaded default TestExecutionListener class names from location [META-INF/spring.factories]: [org.springframework.boot.test.autoconfigure.restdocs.RestDocsTestExecutionListener, org.springframework.boot.test.autoconfigure.web.client.MockRestServiceServerResetTestExecutionListener, org.springframework.boot.test.autoconfigure.web.servlet.MockMvcPrintOnlyOnFailureTestExecutionListener, org.springframework.boot.test.autoconfigure.web.servlet.WebDriverTestExecutionListener, org.springframework.boot.test.autoconfigure.webservices.client.MockWebServiceServerTestExecutionListener, org.springframework.boot.test.mock.mockito.MockitoTestExecutionListener, org.springframework.boot.test.mock.mockito.ResetMocksTestExecutionListener, org.springframework.test.context.web.ServletTestExecutionListener, org.springframework.test.context.support.DirtiesContextBeforeModesTestExecutionListener, org.springframework.test.context.event.ApplicationEventsTestExecutionListener, org.springframework.test.context.support.DependencyInjectionTestExecutionListener, org.springframework.test.context.support.DirtiesContextTestExecutionListener, org.springframework.test.context.transaction.TransactionalTestExecutionListener, org.springframework.test.context.jdbc.SqlScriptsTestExecutionListener, org.springframework.test.context.event.EventPublishingTestExecutionListener]
2023-01-03 23:12:36 [Test worker] INFO  : Using TestExecutionListeners: [org.springframework.test.context.support.DirtiesContextBeforeModesTestExecutionListener@6d1310f6, org.springframework.test.context.event.ApplicationEventsTestExecutionListener@3228d990, org.springframework.boot.test.mock.mockito.MockitoTestExecutionListener@54e7391d, org.springframework.test.context.support.DependencyInjectionTestExecutionListener@50b8ae8d, org.springframework.test.context.support.DirtiesContextTestExecutionListener@255990cc, org.springframework.test.context.transaction.TransactionalTestExecutionListener@51c929ae, org.springframework.test.context.jdbc.SqlScriptsTestExecutionListener@3c8bdd5b, org.springframework.test.context.event.EventPublishingTestExecutionListener@29d2d081, org.springframework.boot.test.autoconfigure.restdocs.RestDocsTestExecutionListener@40e4ea87, org.springframework.boot.test.autoconfigure.web.client.MockRestServiceServerResetTestExecutionListener@58783f6c, org.springframework.boot.test.autoconfigure.web.servlet.MockMvcPrintOnlyOnFailureTestExecutionListener@3a7b503d, org.springframework.boot.test.autoconfigure.web.servlet.WebDriverTestExecutionListener@512d92b, org.springframework.boot.test.autoconfigure.webservices.client.MockWebServiceServerTestExecutionListener@62c5bbdc, org.springframework.boot.test.mock.mockito.ResetMocksTestExecutionListener@7bdf6bb7]
2023-01-03 23:12:36 [Test worker] INFO  : Image name substitution will be performed by: DefaultImageNameSubstitutor (composite of 'ConfigurationFileImageNameSubstitutor' and 'PrefixingImageNameSubstitutor')
2023-01-03 23:12:36 [Test worker] INFO  : Loaded org.testcontainers.dockerclient.UnixSocketClientProviderStrategy from ~/.testcontainers.properties, will try it first
2023-01-03 23:12:37 [Test worker] INFO  : Found Docker environment with local Unix socket (unix:///var/run/docker.sock)
2023-01-03 23:12:37 [Test worker] INFO  : Docker host IP address is localhost
2023-01-03 23:12:37 [Test worker] INFO  : Connected to docker: 
  Server Version: 20.10.17
  API Version: 1.41
  Operating System: Docker Desktop
  Total Memory: 10215 MB
2023-01-03 23:12:37 [Test worker] INFO  : Creating container for image: testcontainers/ryuk:0.3.4
2023-01-03 23:12:37 [Test worker] INFO  : Credential helper/store (docker-credential-desktop) does not have credentials for https://index.docker.io/v1/
2023-01-03 23:12:37 [Test worker] INFO  : Container testcontainers/ryuk:0.3.4 is starting: 28990089aaade87f07cb9487259a39b6374bde772c90adfc7a2d838ae365b0fd
2023-01-03 23:12:38 [Test worker] INFO  : Container testcontainers/ryuk:0.3.4 started in PT0.781363S
2023-01-03 23:12:38 [Test worker] INFO  : Ryuk started - will monitor and terminate Testcontainers containers on JVM exit
2023-01-03 23:12:38 [Test worker] INFO  : Checking the system...
2023-01-03 23:12:38 [Test worker] INFO  : ✔︎ Docker server version should be at least 1.6.0
2023-01-03 23:12:38 [Test worker] INFO  : Creating container for image: confluentinc/cp-kafka:5.4.3
2023-01-03 23:12:38 [Test worker] INFO  : Container confluentinc/cp-kafka:5.4.3 is starting: eb9c73fad18dd524bad2b736763870327e46bb6f1751baf9b66a648af49a26ad
2023-01-03 23:12:42 [Test worker] INFO  : Container confluentinc/cp-kafka:5.4.3 started in PT4.463429S
2023-01-03 23:12:45 [Test worker] INFO  : ConsumerConfig values: 
	allow.auto.create.topics = true
	auto.commit.interval.ms = 5000
	auto.offset.reset = earliest
	bootstrap.servers = [PLAINTEXT://localhost:57915]
	check.crcs = true
	client.dns.lookup = use_all_dns_ips
	client.id = consumer-resource-processor-1
	client.rack = 
	connections.max.idle.ms = 540000
	default.api.timeout.ms = 60000
	enable.auto.commit = false
	exclude.internal.topics = true
	fetch.max.bytes = 52428800
	fetch.max.wait.ms = 500
	fetch.min.bytes = 1
	group.id = resource-processor
	group.instance.id = null
	heartbeat.interval.ms = 3000
	interceptor.classes = []
	internal.leave.group.on.close = true
	internal.throw.on.fetch.stable.offset.unsupported = false
	isolation.level = read_committed
	key.deserializer = class org.apache.kafka.common.serialization.StringDeserializer
	max.partition.fetch.bytes = 1048576
	max.poll.interval.ms = 300000
	max.poll.records = 500
	metadata.max.age.ms = 300000
	metric.reporters = []
	metrics.num.samples = 2
	metrics.recording.level = INFO
	metrics.sample.window.ms = 30000
	partition.assignment.strategy = [class org.apache.kafka.clients.consumer.RangeAssignor, class org.apache.kafka.clients.consumer.CooperativeStickyAssignor]
	receive.buffer.bytes = 65536
	reconnect.backoff.max.ms = 1000
	reconnect.backoff.ms = 50
	request.timeout.ms = 30000
	retry.backoff.ms = 100
	sasl.client.callback.handler.class = null
	sasl.jaas.config = null
	sasl.kerberos.kinit.cmd = /usr/bin/kinit
	sasl.kerberos.min.time.before.relogin = 60000
	sasl.kerberos.service.name = null
	sasl.kerberos.ticket.renew.jitter = 0.05
	sasl.kerberos.ticket.renew.window.factor = 0.8
	sasl.login.callback.handler.class = null
	sasl.login.class = null
	sasl.login.connect.timeout.ms = null
	sasl.login.read.timeout.ms = null
	sasl.login.refresh.buffer.seconds = 300
	sasl.login.refresh.min.period.seconds = 60
	sasl.login.refresh.window.factor = 0.8
	sasl.login.refresh.window.jitter = 0.05
	sasl.login.retry.backoff.max.ms = 10000
	sasl.login.retry.backoff.ms = 100
	sasl.mechanism = GSSAPI
	sasl.oauthbearer.clock.skew.seconds = 30
	sasl.oauthbearer.expected.audience = null
	sasl.oauthbearer.expected.issuer = null
	sasl.oauthbearer.jwks.endpoint.refresh.ms = 3600000
	sasl.oauthbearer.jwks.endpoint.retry.backoff.max.ms = 10000
	sasl.oauthbearer.jwks.endpoint.retry.backoff.ms = 100
	sasl.oauthbearer.jwks.endpoint.url = null
	sasl.oauthbearer.scope.claim.name = scope
	sasl.oauthbearer.sub.claim.name = sub
	sasl.oauthbearer.token.endpoint.url = null
	security.protocol = PLAINTEXT
	security.providers = null
	send.buffer.bytes = 131072
	session.timeout.ms = 45000
	socket.connection.setup.timeout.max.ms = 30000
	socket.connection.setup.timeout.ms = 10000
	ssl.cipher.suites = null
	ssl.enabled.protocols = [TLSv1.2, TLSv1.3]
	ssl.endpoint.identification.algorithm = https
	ssl.engine.factory.class = null
	ssl.key.password = null
	ssl.keymanager.algorithm = SunX509
	ssl.keystore.certificate.chain = null
	ssl.keystore.key = null
	ssl.keystore.location = null
	ssl.keystore.password = null
	ssl.keystore.type = JKS
	ssl.protocol = TLSv1.3
	ssl.provider = null
	ssl.secure.random.implementation = null
	ssl.trustmanager.algorithm = PKIX
	ssl.truststore.certificates = null
	ssl.truststore.location = null
	ssl.truststore.password = null
	ssl.truststore.type = JKS
	value.deserializer = class org.springframework.kafka.support.serializer.JsonDeserializer

2023-01-03 23:12:46 [Test worker] INFO  : Kafka version: 3.1.2
2023-01-03 23:12:46 [Test worker] INFO  : Kafka commitId: f8c67dc3ae0a3265
2023-01-03 23:12:46 [Test worker] INFO  : Kafka startTimeMs: 1672769566079
2023-01-03 23:12:46 [Test worker] INFO  : [Consumer clientId=consumer-resource-processor-1, groupId=resource-processor] Subscribed to topic(s): resources
2023-01-03 23:12:46 [Test worker] WARN  : [Consumer clientId=consumer-resource-processor-1, groupId=resource-processor] Error while fetching metadata with correlation id 2 : {resources=LEADER_NOT_AVAILABLE}
2023-01-03 23:12:46 [Test worker] INFO  : [Consumer clientId=consumer-resource-processor-1, groupId=resource-processor] Cluster ID: UG8ehQ0TRxKhNqLy0B-Gdg
2023-01-03 23:12:46 [Test worker] INFO  : [Consumer clientId=consumer-resource-processor-1, groupId=resource-processor] Discovered group coordinator localhost:57915 (id: 2147483646 rack: null)
2023-01-03 23:12:46 [Test worker] INFO  : [Consumer clientId=consumer-resource-processor-1, groupId=resource-processor] (Re-)joining group
2023-01-03 23:12:46 [Test worker] INFO  : [Consumer clientId=consumer-resource-processor-1, groupId=resource-processor] Request joining group due to: need to re-join with the given member-id
2023-01-03 23:12:46 [Test worker] INFO  : [Consumer clientId=consumer-resource-processor-1, groupId=resource-processor] (Re-)joining group
2023-01-03 23:12:46 [Test worker] INFO  : [Consumer clientId=consumer-resource-processor-1, groupId=resource-processor] Successfully joined group with generation Generation{generationId=1, memberId='consumer-resource-processor-1-b5905f67-e4e6-42a5-a36e-969b4ce43784', protocol='range'}
2023-01-03 23:12:46 [Test worker] INFO  : [Consumer clientId=consumer-resource-processor-1, groupId=resource-processor] Finished assignment for group at generation 1: {consumer-resource-processor-1-b5905f67-e4e6-42a5-a36e-969b4ce43784=Assignment(partitions=[resources-0])}
2023-01-03 23:12:46 [Test worker] INFO  : [Consumer clientId=consumer-resource-processor-1, groupId=resource-processor] Successfully synced group in generation Generation{generationId=1, memberId='consumer-resource-processor-1-b5905f67-e4e6-42a5-a36e-969b4ce43784', protocol='range'}
2023-01-03 23:12:46 [Test worker] INFO  : [Consumer clientId=consumer-resource-processor-1, groupId=resource-processor] Notifying assignor about the new Assignment(partitions=[resources-0])
2023-01-03 23:12:46 [Test worker] INFO  : [Consumer clientId=consumer-resource-processor-1, groupId=resource-processor] Adding newly assigned partitions: resources-0
2023-01-03 23:12:46 [Test worker] INFO  : [Consumer clientId=consumer-resource-processor-1, groupId=resource-processor] Found no committed offset for partition resources-0
2023-01-03 23:12:46 [Test worker] INFO  : [Consumer clientId=consumer-resource-processor-1, groupId=resource-processor] Resetting offset for partition resources-0 to position FetchPosition{offset=0, offsetEpoch=Optional.empty, currentLeader=LeaderAndEpoch{leader=Optional[localhost:57915 (id: 1 rack: null)], epoch=0}}.
2023-01-03 23:12:51 [Test worker] INFO  : publishing com.epam.training.microservicefoundation.resourceprocessor.domain.ResourceRecord message to kafka: ResourceRecord{id=1}
2023-01-03 23:12:51 [Test worker] INFO  : ProducerConfig values: 
	acks = -1
	batch.size = 16384
	bootstrap.servers = [PLAINTEXT://localhost:57915]
	buffer.memory = 33554432
	client.dns.lookup = use_all_dns_ips
	client.id = producer-1
	compression.type = none
	connections.max.idle.ms = 540000
	delivery.timeout.ms = 120000
	enable.idempotence = true
	interceptor.classes = []
	key.serializer = class org.apache.kafka.common.serialization.StringSerializer
	linger.ms = 0
	max.block.ms = 60000
	max.in.flight.requests.per.connection = 5
	max.request.size = 1048576
	metadata.max.age.ms = 300000
	metadata.max.idle.ms = 300000
	metric.reporters = []
	metrics.num.samples = 2
	metrics.recording.level = INFO
	metrics.sample.window.ms = 30000
	partitioner.class = class org.apache.kafka.clients.producer.internals.DefaultPartitioner
	receive.buffer.bytes = 32768
	reconnect.backoff.max.ms = 1000
	reconnect.backoff.ms = 50
	request.timeout.ms = 30000
	retries = 2147483647
	retry.backoff.ms = 100
	sasl.client.callback.handler.class = null
	sasl.jaas.config = null
	sasl.kerberos.kinit.cmd = /usr/bin/kinit
	sasl.kerberos.min.time.before.relogin = 60000
	sasl.kerberos.service.name = null
	sasl.kerberos.ticket.renew.jitter = 0.05
	sasl.kerberos.ticket.renew.window.factor = 0.8
	sasl.login.callback.handler.class = null
	sasl.login.class = null
	sasl.login.connect.timeout.ms = null
	sasl.login.read.timeout.ms = null
	sasl.login.refresh.buffer.seconds = 300
	sasl.login.refresh.min.period.seconds = 60
	sasl.login.refresh.window.factor = 0.8
	sasl.login.refresh.window.jitter = 0.05
	sasl.login.retry.backoff.max.ms = 10000
	sasl.login.retry.backoff.ms = 100
	sasl.mechanism = GSSAPI
	sasl.oauthbearer.clock.skew.seconds = 30
	sasl.oauthbearer.expected.audience = null
	sasl.oauthbearer.expected.issuer = null
	sasl.oauthbearer.jwks.endpoint.refresh.ms = 3600000
	sasl.oauthbearer.jwks.endpoint.retry.backoff.max.ms = 10000
	sasl.oauthbearer.jwks.endpoint.retry.backoff.ms = 100
	sasl.oauthbearer.jwks.endpoint.url = null
	sasl.oauthbearer.scope.claim.name = scope
	sasl.oauthbearer.sub.claim.name = sub
	sasl.oauthbearer.token.endpoint.url = null
	security.protocol = PLAINTEXT
	security.providers = null
	send.buffer.bytes = 131072
	socket.connection.setup.timeout.max.ms = 30000
	socket.connection.setup.timeout.ms = 10000
	ssl.cipher.suites = null
	ssl.enabled.protocols = [TLSv1.2, TLSv1.3]
	ssl.endpoint.identification.algorithm = https
	ssl.engine.factory.class = null
	ssl.key.password = null
	ssl.keymanager.algorithm = SunX509
	ssl.keystore.certificate.chain = null
	ssl.keystore.key = null
	ssl.keystore.location = null
	ssl.keystore.password = null
	ssl.keystore.type = JKS
	ssl.protocol = TLSv1.3
	ssl.provider = null
	ssl.secure.random.implementation = null
	ssl.trustmanager.algorithm = PKIX
	ssl.truststore.certificates = null
	ssl.truststore.location = null
	ssl.truststore.password = null
	ssl.truststore.type = JKS
	transaction.timeout.ms = 60000
	transactional.id = null
	value.serializer = class org.springframework.kafka.support.serializer.JsonSerializer

2023-01-03 23:12:51 [Test worker] INFO  : [Producer clientId=producer-1] Instantiated an idempotent producer.
2023-01-03 23:12:51 [Test worker] INFO  : Kafka version: 3.1.2
2023-01-03 23:12:51 [Test worker] INFO  : Kafka commitId: f8c67dc3ae0a3265
2023-01-03 23:12:51 [Test worker] INFO  : Kafka startTimeMs: 1672769571174
2023-01-03 23:12:51 [kafka-producer-network-thread | producer-1] INFO  : [Producer clientId=producer-1] Cluster ID: UG8ehQ0TRxKhNqLy0B-Gdg
2023-01-03 23:12:51 [kafka-producer-network-thread | producer-1] INFO  : [Producer clientId=producer-1] ProducerId set to 0 with epoch 0
2023-01-03 23:12:51 [Test worker] INFO  : RecordMetadata topic: resources, offset: 0, partition: 0
2023-01-03 23:12:51 [Test worker] INFO  : Processing resource record: ResourceRecord{id=1}
2023-01-03 23:12:51 [Test worker] INFO  : Validating a resource record 'ResourceRecord{id=1}'
2023-01-03 23:12:51 [Test worker] INFO  : Removing file 'src/test/resources/files/test.mp3'
2023-01-03 23:12:51 [Test worker] INFO  : [Consumer clientId=consumer-resource-processor-1, groupId=resource-processor] Revoke previously assigned partitions resources-0
2023-01-03 23:12:51 [Test worker] INFO  : [Consumer clientId=consumer-resource-processor-1, groupId=resource-processor] Member consumer-resource-processor-1-b5905f67-e4e6-42a5-a36e-969b4ce43784 sending LeaveGroup request to coordinator localhost:57915 (id: 2147483646 rack: null) due to the consumer is being closed
2023-01-03 23:12:51 [Test worker] INFO  : [Consumer clientId=consumer-resource-processor-1, groupId=resource-processor] Resetting generation due to: consumer pro-actively leaving the group
2023-01-03 23:12:51 [Test worker] INFO  : [Consumer clientId=consumer-resource-processor-1, groupId=resource-processor] Request joining group due to: consumer pro-actively leaving the group
2023-01-03 23:12:51 [Test worker] INFO  : Metrics scheduler closed
2023-01-03 23:12:51 [Test worker] INFO  : Closing reporter org.apache.kafka.common.metrics.JmxReporter
2023-01-03 23:12:51 [Test worker] INFO  : Metrics reporters closed
2023-01-03 23:12:51 [Test worker] INFO  : App info kafka.consumer for consumer-resource-processor-1 unregistered
