2023-01-03 23:17:53 [Test worker] INFO  : Loaded default TestExecutionListener class names from location [META-INF/spring.factories]: [org.springframework.boot.test.autoconfigure.restdocs.RestDocsTestExecutionListener, org.springframework.boot.test.autoconfigure.web.client.MockRestServiceServerResetTestExecutionListener, org.springframework.boot.test.autoconfigure.web.servlet.MockMvcPrintOnlyOnFailureTestExecutionListener, org.springframework.boot.test.autoconfigure.web.servlet.WebDriverTestExecutionListener, org.springframework.boot.test.autoconfigure.webservices.client.MockWebServiceServerTestExecutionListener, org.springframework.boot.test.mock.mockito.MockitoTestExecutionListener, org.springframework.boot.test.mock.mockito.ResetMocksTestExecutionListener, org.springframework.test.context.web.ServletTestExecutionListener, org.springframework.test.context.support.DirtiesContextBeforeModesTestExecutionListener, org.springframework.test.context.event.ApplicationEventsTestExecutionListener, org.springframework.test.context.support.DependencyInjectionTestExecutionListener, org.springframework.test.context.support.DirtiesContextTestExecutionListener, org.springframework.test.context.transaction.TransactionalTestExecutionListener, org.springframework.test.context.jdbc.SqlScriptsTestExecutionListener, org.springframework.test.context.event.EventPublishingTestExecutionListener]
2023-01-03 23:17:53 [Test worker] INFO  : Using TestExecutionListeners: [org.springframework.test.context.support.DirtiesContextBeforeModesTestExecutionListener@1968a49c, org.springframework.test.context.event.ApplicationEventsTestExecutionListener@6a1ebcff, org.springframework.boot.test.mock.mockito.MockitoTestExecutionListener@19868320, org.springframework.test.context.support.DependencyInjectionTestExecutionListener@50b0bc4c, org.springframework.test.context.support.DirtiesContextTestExecutionListener@c20be82, org.springframework.test.context.transaction.TransactionalTestExecutionListener@13c612bd, org.springframework.test.context.jdbc.SqlScriptsTestExecutionListener@3ef41c66, org.springframework.test.context.event.EventPublishingTestExecutionListener@6b739528, org.springframework.boot.test.autoconfigure.restdocs.RestDocsTestExecutionListener@622ef26a, org.springframework.boot.test.autoconfigure.web.client.MockRestServiceServerResetTestExecutionListener@41de5768, org.springframework.boot.test.autoconfigure.web.servlet.MockMvcPrintOnlyOnFailureTestExecutionListener@5f577419, org.springframework.boot.test.autoconfigure.web.servlet.WebDriverTestExecutionListener@28fa700e, org.springframework.boot.test.autoconfigure.webservices.client.MockWebServiceServerTestExecutionListener@3d526ad9, org.springframework.boot.test.mock.mockito.ResetMocksTestExecutionListener@e041f0c]
2023-01-03 23:17:53 [Test worker] INFO  : Image name substitution will be performed by: DefaultImageNameSubstitutor (composite of 'ConfigurationFileImageNameSubstitutor' and 'PrefixingImageNameSubstitutor')
2023-01-03 23:17:53 [Test worker] INFO  : Loaded org.testcontainers.dockerclient.UnixSocketClientProviderStrategy from ~/.testcontainers.properties, will try it first
2023-01-03 23:17:54 [Test worker] INFO  : Found Docker environment with local Unix socket (unix:///var/run/docker.sock)
2023-01-03 23:17:54 [Test worker] INFO  : Docker host IP address is localhost
2023-01-03 23:17:54 [Test worker] INFO  : Connected to docker: 
  Server Version: 20.10.17
  API Version: 1.41
  Operating System: Docker Desktop
  Total Memory: 10215 MB
2023-01-03 23:17:54 [Test worker] INFO  : Creating container for image: testcontainers/ryuk:0.3.4
2023-01-03 23:17:55 [Test worker] INFO  : Credential helper/store (docker-credential-desktop) does not have credentials for https://index.docker.io/v1/
2023-01-03 23:17:55 [Test worker] INFO  : Container testcontainers/ryuk:0.3.4 is starting: 25383d24814e33ce26e71e5b07d825871eeff05481da4c05cf29bd75d8ebd7fe
2023-01-03 23:17:55 [Test worker] INFO  : Container testcontainers/ryuk:0.3.4 started in PT0.791081S
2023-01-03 23:17:55 [Test worker] INFO  : Ryuk started - will monitor and terminate Testcontainers containers on JVM exit
2023-01-03 23:17:55 [Test worker] INFO  : Checking the system...
2023-01-03 23:17:55 [Test worker] INFO  : ✔︎ Docker server version should be at least 1.6.0
2023-01-03 23:17:55 [Test worker] INFO  : Creating container for image: confluentinc/cp-kafka:5.4.3
2023-01-03 23:17:55 [Test worker] INFO  : Container confluentinc/cp-kafka:5.4.3 is starting: e802515eb66958a01f14c9c5d1f7f38408f0b85ec346f744c55702fa540fd282
